WARNING: All log messages before absl::InitializeLog() is called are written to STDERR
I0000 00:00:1777085607.597267    2436 cudart_stub.cc:31] Could not find cuda drivers on your machine, GPU will not be used.
I0000 00:00:1777085607.639306    2436 cpu_feature_guard.cc:227] This TensorFlow binary is optimized to use available CPU instructions in performance-critical operations.
To enable the following instructions: AVX2 FMA, in other operations, rebuild TensorFlow with the appropriate compiler flags.
WARNING: All log messages before absl::InitializeLog() is called are written to STDERR
I0000 00:00:1777085609.420492    2436 cudart_stub.cc:31] Could not find cuda drivers on your machine, GPU will not be used.
======================================================================
🚀 TREND BOT - LSTM (15 Coin | 14 Saat)
======================================================================
📋 Coin: 10
🎯 Hedef saat: 10
======================================================================

🪙 BITCOIN (BTC-USD)
      🔮 2h... E0000 00:00:1777085609.904574    2436 cuda_platform.cc:52] failed call to cuInit: INTERNAL: CUDA error: Failed call to cuInit: UNKNOWN ERROR (303)
✅ %0.13 (güven: %15.2)
      🔮 3h... ✅ %-0.38 (güven: %15.6)
      🔮 4h... ✅ %-0.08 (güven: %15.1)
      🔮 12h... ✅ %-0.31 (güven: %15.5)
      🔮 16h... ✅ %-0.81 (güven: %16.2)
      🔮 24h... ✅ %-0.57 (güven: %15.9)
      🔮 28h... ✅ %-1.1 (güven: %16.7)
      🔮 36h... ✅ %-2.04 (güven: %18.1)
      🔮 48h... ✅ %-3.34 (güven: %20.0)
      🔮 72h... ✅ %-3.37 (güven: %20.0)

🪙 ETHEREUM (ETH-USD)
      🔮 2h... ✅ %-0.3 (güven: %15.5)
      🔮 3h... ✅ %-0.67 (güven: %16.0)
      🔮 4h... ✅ %0.15 (güven: %15.2)
      🔮 12h... ✅ %0.16 (güven: %15.2)
      🔮 16h... ✅ %-0.13 (güven: %15.2)
      🔮 24h... ✅ %-0.56 (güven: %15.8)
      🔮 28h... ✅ %-0.76 (güven: %16.1)
      🔮 36h... ✅ %-1.46 (güven: %17.2)
      🔮 48h... ✅ %-0.55 (güven: %15.8)
      🔮 72h... ✅ %-2.12 (güven: %18.2)

🪙 RIPPLE (XRP-USD)
      🔮 2h... ✅ %-0.26 (güven: %15.4)
      🔮 3h... ✅ %-0.29 (güven: %15.4)
      🔮 4h... ✅ %-0.3 (güven: %15.4)
      🔮 12h... ✅ %-1.31 (güven: %17.0)
      🔮 16h... ✅ %-0.54 (güven: %15.8)
      🔮 24h... ✅ %-1.19 (güven: %16.8)
      🔮 28h... ✅ %0.47 (güven: %15.7)
      🔮 36h... ✅ %-0.65 (güven: %16.0)
      🔮 48h... ✅ %1.39 (güven: %17.1)
      🔮 72h... ✅ %0.16 (güven: %15.2)

🪙 SOLANA (SOL-USD)
      🔮 2h... ✅ %-0.39 (güven: %15.6)
      🔮 3h... ✅ %-0.09 (güven: %15.1)
      🔮 4h... ✅ %-0.94 (güven: %16.4)
      🔮 12h... ✅ %-0.99 (güven: %16.5)
      🔮 16h... ✅ %-1.27 (güven: %16.9)
      🔮 24h... ✅ %-0.87 (güven: %16.3)
      🔮 28h... ✅ %-0.42 (güven: %15.6)
      🔮 36h... ✅ %-1.26 (güven: %16.9)
      🔮 48h... ✅ %0.83 (güven: %16.2)
      🔮 72h... ✅ %0.77 (güven: %16.2)

🪙 DOGECOIN (DOGE-USD)
      🔮 2h... ✅ %-0.33 (güven: %15.5)
      🔮 3h... ✅ %-0.21 (güven: %15.3)
      🔮 4h... ✅ %0.12 (güven: %15.2)
      🔮 12h... ✅ %0.06 (güven: %15.1)
      🔮 16h... ✅ %0.46 (güven: %15.7)
      🔮 24h... ✅ %-1.02 (güven: %16.5)
      🔮 28h... ✅ %-0.02 (güven: %15.0)
      🔮 36h... ✅ %-0.19 (güven: %15.3)
      🔮 48h... ✅ %0.98 (güven: %16.5)
      🔮 72h... ✅ %1.7 (güven: %17.6)

🪙 CARDANO (ADA-USD)
      🔮 2h... ✅ %0.01 (güven: %15.0)
      🔮 3h... ✅ %-0.1 (güven: %15.1)
      🔮 4h... ✅ %-0.05 (güven: %15.1)
      🔮 12h... ✅ %-0.31 (güven: %15.5)
      🔮 16h... ✅ %0.17 (güven: %15.3)
      🔮 24h... ✅ %-0.86 (güven: %16.3)
      🔮 28h... ✅ %0.88 (güven: %16.3)
      🔮 36h... ✅ %1.34 (güven: %17.0)
      🔮 48h... ✅ %1.95 (güven: %17.9)
      🔮 72h... ✅ %-0.79 (güven: %16.2)

🪙 TONCOIN (TON-USD)
      🔮 2h... ✅ %1.55 (güven: %17.3)
      🔮 3h... WARNING:tensorflow:5 out of the last 12 calls to <function TensorFlowTrainer.make_predict_function.<locals>.one_step_on_data_distributed at 0x7fa406574670> triggered tf.function retracing. Tracing is expensive and the excessive number of tracings could be due to (1) creating @tf.function repeatedly in a loop, (2) passing tensors with different shapes, (3) passing Python objects instead of tensors. For (1), please define your @tf.function outside of the loop. For (2), @tf.function has reduce_retracing=True option that can avoid unnecessary retracing. For (3), please refer to https://www.tensorflow.org/guide/function#controlling_retracing and https://www.tensorflow.org/api_docs/python/tf/function for  more details.
✅ %3.51 (güven: %20.3)
      🔮 4h... WARNING:tensorflow:6 out of the last 13 calls to <function TensorFlowTrainer.make_predict_function.<locals>.one_step_on_data_distributed at 0x7fa404953880> triggered tf.function retracing. Tracing is expensive and the excessive number of tracings could be due to (1) creating @tf.function repeatedly in a loop, (2) passing tensors with different shapes, (3) passing Python objects instead of tensors. For (1), please define your @tf.function outside of the loop. For (2), @tf.function has reduce_retracing=True option that can avoid unnecessary retracing. For (3), please refer to https://www.tensorflow.org/guide/function#controlling_retracing and https://www.tensorflow.org/api_docs/python/tf/function for  more details.
✅ %0.76 (güven: %16.1)
      🔮 12h... ✅ %8.41 (güven: %27.6)
      🔮 16h... ✅ %10.53 (güven: %30.8)
      🔮 24h... ✅ %6.13 (güven: %24.2)
      🔮 28h... ✅ %5.72 (güven: %23.6)
      🔮 36h... ❌
      🔮 48h... ❌
      🔮 72h... ❌

🪙 AVALANCHE (AVAX-USD)
      🔮 2h... ✅ %0.11 (güven: %15.2)
      🔮 3h... ✅ %0.09 (güven: %15.1)
      🔮 4h... ✅ %-0.74 (güven: %16.1)
      🔮 12h... ✅ %-1.37 (güven: %17.0)
      🔮 16h... ✅ %-1.79 (güven: %17.7)
      🔮 24h... ✅ %-0.73 (güven: %16.1)
      🔮 28h... ✅ %-2.26 (güven: %18.4)
      🔮 36h... ✅ %-0.86 (güven: %16.3)
      🔮 48h... ✅ %3.73 (güven: %20.6)
      🔮 72h... ✅ %-0.44 (güven: %15.7)

🪙 CHAINLINK (LINK-USD)
      🔮 2h... ✅ %-0.53 (güven: %15.8)
      🔮 3h... ✅ %-0.19 (güven: %15.3)
      🔮 4h... ✅ %-0.89 (güven: %16.3)
      🔮 12h... ✅ %-0.18 (güven: %15.3)
      🔮 16h... ✅ %-0.97 (güven: %16.5)
      🔮 24h... ✅ %-2.04 (güven: %18.1)
      🔮 28h... ✅ %-1.49 (güven: %17.2)
      🔮 36h... ✅ %-0.04 (güven: %15.1)
      🔮 48h... ✅ %2.54 (güven: %18.8)
      🔮 72h... ✅ %-3.52 (güven: %20.3)

🪙 POLKADOT (DOT-USD)
      🔮 2h... ✅ %-0.46 (güven: %15.7)
      🔮 3h... ✅ %0.03 (güven: %15.0)
      🔮 4h... ✅ %0.0 (güven: %15.0)
      🔮 12h... ✅ %1.04 (güven: %16.6)
      🔮 16h... ✅ %0.47 (güven: %15.7)
      🔮 24h... ✅ %-0.53 (güven: %15.8)
      🔮 28h... ✅ %0.23 (güven: %15.3)
      🔮 36h... ✅ %-3.36 (güven: %20.0)
      🔮 48h... ✅ %2.27 (güven: %18.4)
      🔮 72h... ✅ %3.93 (güven: %20.9)

======================================================================
✅ 10/10 coin başarılı
📁 JSON: veri/tahminler.json
📊 Excel: veri/tahminler.xlsx
======================================================================

📈 ÖZET TABLO (En yüksek getiri beklenenler):
   toncoin      16h : % 10.53 (güven: %30.8)
   toncoin      12h : %  8.41 (güven: %27.6)
   toncoin      24h : %  6.13 (güven: %24.2)
   toncoin      28h : %  5.72 (güven: %23.6)
   polkadot     72h : %  3.93 (güven: %20.9)
   avalanche    48h : %  3.73 (güven: %20.6)
   toncoin      3h  : %  3.51 (güven: %20.3)
   chainlink    48h : %  2.54 (güven: %18.8)
   polkadot     48h : %  2.27 (güven: %18.4)
   cardano      48h : %  1.95 (güven: %17.9)
